speaker_a_convo_05b30647-792c-4214-9a9c-fa62d2d7476f
speaker_a_convo_188092d3-f405-4710-a8f0-1fdc7e79a6e5
speaker_a_convo_1939f519-6737-40ff-8a33-52e73d0b4c4e
speaker_a_convo_198f2863-88e6-40e9-89bd-381e15a93739
speaker_a_convo_2a07b3a7-9495-4782-9eb7-c6295512310c
speaker_a_convo_2a139f9b-4335-4962-b2ed-2e7389296091
speaker_a_convo_2c1b4416-5f89-46f6-9b96-09bff54badab
speaker_a_convo_2d219d50-728f-4e10-9bf5-5c7895a82934
speaker_a_convo_2ecf1db5-1ec8-44cb-a9f8-a1a31dc337cc
speaker_a_convo_389f0bb5-ac42-401b-b23a-d1d9759d0291
speaker_a_convo_3ce6563e-1134-47e9-b021-1406d2486401
speaker_a_convo_44d73360-7c0a-4d10-8388-f745bf342cb5
speaker_a_convo_45eebf55-117a-4a47-b870-2ac0770d20a8
speaker_a_convo_50d1de3c-5b4c-4404-914e-602a7d91b4c3
speaker_a_convo_5331448b-8c5f-4f98-9ca2-f97321a385b1
speaker_a_convo_54ddefa8-a7db-437b-a7d1-31a378396222
speaker_a_convo_5f55950e-0602-409c-b7e2-f7c1f0881b48
speaker_a_convo_66ccf3bc-8bf2-44f0-98a6-ac69f0543f49
speaker_a_convo_69079ee1-3a9c-42d0-af21-6bfadfe2ba8a
speaker_a_convo_81b2b35e-089c-430b-ac75-94b9fe5b35a0
speaker_a_convo_81dd3246-3e3d-4f60-9f4f-c050485b1551
speaker_a_convo_826b4d3d-0df9-428a-b821-928f5a9a8d92
speaker_a_convo_879325a8-9cb2-46ec-be90-6e00d7a43cb1
speaker_a_convo_8af8f246-7ce5-4c45-b7c7-52aa0ede1c08
speaker_a_convo_8c25247b-680a-4a58-b2d6-ac39f3114308
speaker_a_convo_8edc23bf-2a1a-4108-a12c-d74134bf550c
speaker_a_convo_92a95e84-d273-4d18-ad48-a424eb17dbf8
speaker_a_convo_997d4fe0-0a55-4b1a-bb36-e4303bc51777
speaker_a_convo_9a67bc98-eaf2-4ba3-be01-dfb8914ff28d
speaker_a_convo_a56ed5af-6381-4415-bab7-79f21c209429
speaker_a_convo_aad7caab-1979-43de-8ff6-22354abb8ae9
speaker_a_convo_ad46e29b-eea2-4c3d-adfb-35727f65d961
speaker_a_convo_b107d272-73c7-45d2-af9e-9ded79697fd3
speaker_a_convo_bbc3f248-382f-4aea-bc4c-6fe330ced92b
speaker_a_convo_bcb44230-e772-4df0-b13d-04badbc4e9cd
speaker_a_convo_c3a7fbe9-aefa-455b-898f-6197db8af885
speaker_a_convo_ccd0f1a6-1619-42ab-a80a-d2496dfcb346
speaker_a_convo_dc0967ee-0a95-44da-a7d0-28c2de36b9c4
speaker_a_convo_de3b604f-f3a5-4400-9f47-1872f8907a2c
speaker_a_convo_deb42548-02ba-4717-b844-32c28b4c54a1
speaker_a_convo_ebbc5293-22a3-40ff-bc47-b46c56dc78d8
speaker_a_convo_eda6925c-941f-421d-9350-23fcf215e8bd
speaker_b_convo_05b30647-792c-4214-9a9c-fa62d2d7476f
speaker_b_convo_198f2863-88e6-40e9-89bd-381e15a93739
speaker_b_convo_24c0c1b3-e822-486c-8d94-fbcbd2d974ca
speaker_b_convo_2a07b3a7-9495-4782-9eb7-c6295512310c
speaker_b_convo_2a139f9b-4335-4962-b2ed-2e7389296091
speaker_b_convo_2c1b4416-5f89-46f6-9b96-09bff54badab
speaker_b_convo_2d219d50-728f-4e10-9bf5-5c7895a82934
speaker_b_convo_2ecf1db5-1ec8-44cb-a9f8-a1a31dc337cc
speaker_b_convo_389f0bb5-ac42-401b-b23a-d1d9759d0291
speaker_b_convo_3ce6563e-1134-47e9-b021-1406d2486401
speaker_b_convo_44d73360-7c0a-4d10-8388-f745bf342cb5
speaker_b_convo_50d1de3c-5b4c-4404-914e-602a7d91b4c3
speaker_b_convo_5331448b-8c5f-4f98-9ca2-f97321a385b1
speaker_b_convo_66ccf3bc-8bf2-44f0-98a6-ac69f0543f49
speaker_b_convo_69079ee1-3a9c-42d0-af21-6bfadfe2ba8a
speaker_b_convo_81b2b35e-089c-430b-ac75-94b9fe5b35a0
speaker_b_convo_81dd3246-3e3d-4f60-9f4f-c050485b1551
speaker_b_convo_826b4d3d-0df9-428a-b821-928f5a9a8d92
speaker_b_convo_879325a8-9cb2-46ec-be90-6e00d7a43cb1
speaker_b_convo_8af8f246-7ce5-4c45-b7c7-52aa0ede1c08
speaker_b_convo_8c25247b-680a-4a58-b2d6-ac39f3114308
speaker_b_convo_8edc23bf-2a1a-4108-a12c-d74134bf550c
speaker_b_convo_92a95e84-d273-4d18-ad48-a424eb17dbf8
speaker_b_convo_997d4fe0-0a55-4b1a-bb36-e4303bc51777
speaker_b_convo_9a67bc98-eaf2-4ba3-be01-dfb8914ff28d
speaker_b_convo_a56ed5af-6381-4415-bab7-79f21c209429
speaker_b_convo_aad7caab-1979-43de-8ff6-22354abb8ae9
speaker_b_convo_ad46e29b-eea2-4c3d-adfb-35727f65d961
speaker_b_convo_b107d272-73c7-45d2-af9e-9ded79697fd3
speaker_b_convo_bbc3f248-382f-4aea-bc4c-6fe330ced92b
speaker_b_convo_bcb44230-e772-4df0-b13d-04badbc4e9cd
speaker_b_convo_c3a7fbe9-aefa-455b-898f-6197db8af885
speaker_b_convo_ccd0f1a6-1619-42ab-a80a-d2496dfcb346
speaker_b_convo_de3b604f-f3a5-4400-9f47-1872f8907a2c
speaker_b_convo_ebbc5293-22a3-40ff-bc47-b46c56dc78d8
speaker_b_convo_eda6925c-941f-421d-9350-23fcf215e8bd
